<?xml version="1.0" encoding="UTF-8"?>
<!-- Generated by org.testng.reporters.JUnitReportReporter -->
<testsuite hostname="DESKTOP-61886DF" failures="0" tests="3" name="Exec_Test.TestNG" time="97.722" errors="0" timestamp="2022-09-23T01:20:57 IST" skipped="0">
  <testcase classname="Exec_Test.TestNG" name="goMobileAndOpenHeadsets" time="28.729"/>
  <system-out/>
  <testcase classname="Exec_Test.TestNG" name="goMobileAndOpenSmartphones" time="32.521"/>
  <system-out/>
  <testcase classname="Exec_Test.TestNG" name="Verify15thProduct" time="36.472"/>
  <system-out/>
</testsuite> <!-- Exec_Test.TestNG -->
