<?xml version="1.0" encoding="UTF-8"?>
<!-- Generated by org.testng.reporters.JUnitReportReporter -->
<testsuite hostname="DESKTOP-61886DF" failures="0" tests="3" name="Exec_Test.TestNGSuit1" time="554.631" errors="0" timestamp="2022-09-24T00:48:23 IST" skipped="1">
  <testcase classname="Exec_Test.TestNGSuit1" name="Verify12thProductInCameraLense" time="267.502"/>
  <system-out/>
  <testcase classname="Exec_Test.TestNGSuit1" name="Verify12thProductInCameraLense" time="0.000">
    <skipped/>
  </testcase> <!-- Verify12thProductInCameraLense -->
  <system-out/>
  <testcase classname="Exec_Test.TestNGSuit1" name="Verify12thProductInCameraLense" time="287.129"/>
  <system-out/>
</testsuite> <!-- Exec_Test.TestNGSuit1 -->
