<?xml version="1.0" encoding="UTF-8"?>
<!-- Generated by org.testng.reporters.JUnitReportReporter -->
<testsuite hostname="DESKTOP-61886DF" failures="0" tests="1" name="Exec_Test.TestNG2" time="54.978" errors="0" timestamp="2022-09-23T01:24:09 IST" skipped="0">
  <testcase classname="Exec_Test.TestNG2" name="Verify12thProductInCameraLense" time="54.978"/>
  <system-out/>
</testsuite> <!-- Exec_Test.TestNG2 -->
